<?xml version="1.0" encoding="UTF-8"?>
<!-- Generated by org.testng.reporters.JUnitReportReporter -->
<testsuite hostname="LAPTOP-FA94PUIP" failures="0" tests="2" name="httpMethods.PostRequest" time="4.026" errors="0" timestamp="2024-07-14T01:31:15 IST" skipped="0">
  <testcase classname="httpMethods.PostRequest" name="PostwithHashMap" time="0.634"/>
  <system-out/>
  <testcase classname="httpMethods.PostRequest" name="Post_Pojo" time="3.392"/>
  <system-out/>
</testsuite> <!-- httpMethods.PostRequest -->
