<?xml version="1.0" encoding="UTF-8"?>
<!-- Generated by org.testng.reporters.JUnitReportReporter -->
<testsuite hostname="LAPTOP-FA94PUIP" failures="0" tests="1" name="httpMethods.QueryandPathParameter" time="66.696" errors="0" timestamp="2024-06-20T20:39:16 IST" skipped="0">
  <testcase classname="httpMethods.QueryandPathParameter" name="PathQueryParameters" time="66.696"/>
  <system-out/>
</testsuite> <!-- httpMethods.QueryandPathParameter -->
