<?xml version="1.0" encoding="UTF-8"?>
<!-- Generated by org.testng.reporters.JUnitReportReporter -->
<testsuite hostname="LAPTOP-FA94PUIP" failures="0" tests="2" name="APITest.Serialization_and_Deserialization" time="0.226" errors="0" timestamp="2024-07-13T19:31:25 IST" skipped="0">
  <testcase classname="APITest.Serialization_and_Deserialization" name="Serializationtest" time="0.012"/>
  <system-out/>
  <testcase classname="APITest.Serialization_and_Deserialization" name="DeSerialization" time="0.214"/>
  <system-out/>
</testsuite> <!-- APITest.Serialization_and_Deserialization -->
