<?xml version="1.0" encoding="UTF-8"?>
<!-- Generated by org.testng.reporters.JUnitReportReporter -->
<testsuite hostname="LAPTOP-FA94PUIP" failures="0" tests="1" name="httpMethods.Update_Delete_User" time="66.710" errors="0" timestamp="2024-06-20T18:00:54 IST" skipped="0">
  <testcase classname="httpMethods.Update_Delete_User" name="UpdateRequest" time="66.710"/>
  <system-out/>
</testsuite> <!-- httpMethods.Update_Delete_User -->
