<?xml version="1.0" encoding="UTF-8"?>
<!-- Generated by org.testng.reporters.JUnitReportReporter -->
<testsuite hostname="LAPTOP-FA94PUIP" failures="0" tests="2" name="httpMethods.CreateNew_User" time="129.954" errors="0" timestamp="2024-06-29T09:54:18 IST" skipped="0">
  <testcase classname="httpMethods.CreateNew_User" name="createNewUSer" time="66.061"/>
  <system-out/>
  <testcase classname="httpMethods.CreateNew_User" name="UpdateSameUser" time="63.893"/>
  <system-out/>
</testsuite> <!-- httpMethods.CreateNew_User -->
