<?xml version="1.0" encoding="UTF-8"?>
<!-- Generated by org.testng.reporters.JUnitReportReporter -->
<testsuite hostname="LAPTOP-FA94PUIP" failures="0" tests="1" name="httpMethods.New_GetRequest" time="3.002" errors="0" timestamp="2024-06-23T00:54:15 IST" skipped="0">
  <testcase classname="httpMethods.New_GetRequest" name="listOfUsers" time="3.002"/>
  <system-out/>
</testsuite> <!-- httpMethods.New_GetRequest -->
