<?xml version="1.0" encoding="UTF-8"?>
<!-- Generated by org.testng.reporters.JUnitReportReporter -->
<testsuite hostname="LAPTOP-FA94PUIP" failures="0" tests="1" name="APITest.Cookies" time="2.210" errors="0" timestamp="2024-06-20T22:50:56 IST" skipped="0">
  <testcase classname="APITest.Cookies" name="getSetofCookies" time="2.210"/>
  <system-out/>
</testsuite> <!-- APITest.Cookies -->
