<?xml version="1.0" encoding="UTF-8"?>
<!-- Generated by org.testng.reporters.JUnitReportReporter -->
<testsuite hostname="LAPTOP-FA94PUIP" failures="0" tests="1" name="httpMethods.GetRequest_OlderWay" time="2.145" errors="0" timestamp="2024-07-14T01:30:54 IST" skipped="0">
  <testcase classname="httpMethods.GetRequest_OlderWay" name="singleUserGetRequest" time="2.145"/>
  <system-out/>
</testsuite> <!-- httpMethods.GetRequest_OlderWay -->
