<?xml version="1.0" encoding="UTF-8"?>
<!-- Generated by org.testng.reporters.JUnitReportReporter -->
<testsuite hostname="LAPTOP-FA94PUIP" failures="0" tests="1" name="APITest.HeadersTest" time="1.944" errors="0" timestamp="2024-06-20T23:34:54 IST" skipped="0">
  <testcase classname="APITest.HeadersTest" name="TestHeaders" time="1.944"/>
  <system-out/>
</testsuite> <!-- APITest.HeadersTest -->
